Using pre-set license
Built from '2021.1/staging' branch; Version is '2021.1.6f1 (c0fade0cc7e9) revision 12647134'; Using compiler version '192528614'; Build Type 'Release'
OS: 'Windows 10 Home; OS build 18363.1316; Version 1909; 64bit' Language: 'en' Physical Memory: 16251 MB
BatchMode: 1, IsHumanControllingUs: 0, StartBugReporterOnCrash: 0, Is64bit: 1, IsPro: 0

 COMMAND LINE ARGUMENTS:
C:\Program Files\Unity\Hub\Editor\2021.1.6f1\Editor\Unity.exe
-adb2
-batchMode
-noUpm
-name
AssetImportWorker0
-projectPath
C:/Users/Thushar/Documents/MyStuff/GithubPortfolio/ZombieTower360/ZombieTower360
-logFile
Logs/AssetImportWorker0.log
-srvPort
61946
Successfully changed project path to: C:/Users/Thushar/Documents/MyStuff/GithubPortfolio/ZombieTower360/ZombieTower360
C:/Users/Thushar/Documents/MyStuff/GithubPortfolio/ZombieTower360/ZombieTower360
Using Asset Import Pipeline V2.
Refreshing native plugins compatible for Editor in 20.51 ms, found 0 plugins.
Preloading 0 native plugins for Editor in 0.00 ms.
Initialize engine version: 2021.1.6f1 (c0fade0cc7e9)
[Subsystems] Discovering subsystems at path C:/Program Files/Unity/Hub/Editor/2021.1.6f1/Editor/Data/Resources/UnitySubsystems
[Subsystems] Discovering subsystems at path C:/Users/Thushar/Documents/MyStuff/GithubPortfolio/ZombieTower360/ZombieTower360/Assets
GfxDevice: creating device client; threaded=0; jobified=0
Direct3D:
    Version:  Direct3D 11.0 [level 11.1]
    Renderer: NVIDIA GeForce GTX 1060 3GB (ID=0x1c02)
    Vendor:   NVIDIA
    VRAM:     2988 MB
    Driver:   26.21.14.3107
Initialize mono
Mono path[0] = 'C:/Program Files/Unity/Hub/Editor/2021.1.6f1/Editor/Data/Managed'
Mono path[1] = 'C:/Program Files/Unity/Hub/Editor/2021.1.6f1/Editor/Data/MonoBleedingEdge/lib/mono/unityjit'
Mono config path = 'C:/Program Files/Unity/Hub/Editor/2021.1.6f1/Editor/Data/MonoBleedingEdge/etc'
Using monoOptions --debugger-agent=transport=dt_socket,embedding=1,server=y,suspend=n,address=127.0.0.1:56572
Begin MonoManager ReloadAssembly
Registering precompiled unity dll's ...
Register platform support module: C:/Program Files/Unity/Hub/Editor/2021.1.6f1/Editor/Data/PlaybackEngines/WindowsStandaloneSupport/UnityEditor.WindowsStandalone.Extensions.dll
Registered in 0.001482 seconds.
Native extension for WindowsStandalone target not found
Refreshing native plugins compatible for Editor in 21.09 ms, found 0 plugins.
Preloading 0 native plugins for Editor in 0.00 ms.
Mono: successfully reloaded assembly
- Completed reload, in  1.005 seconds
Platform modules already initialized, skipping
Registering precompiled user dll's ...
Registered in 0.000516 seconds.
Begin MonoManager ReloadAssembly
Native extension for WindowsStandalone target not found
Refreshing native plugins compatible for Editor in 0.21 ms, found 0 plugins.
Preloading 0 native plugins for Editor in 0.00 ms.
Mono: successfully reloaded assembly
- Completed reload, in  0.714 seconds
Platform modules already initialized, skipping
========================================================================
Worker process is ready to serve import requests
Launched and connected shader compiler UnityShaderCompiler.exe after 0.06 seconds
Refreshing native plugins compatible for Editor in 0.18 ms, found 0 plugins.
Preloading 0 native plugins for Editor in 0.00 ms.
Unloading 1146 Unused Serialized files (Serialized files now loaded: 0)
System memory in use before: 62.9 MB.
System memory in use after: 63.0 MB.

Unloading 9 unused Assets to reduce memory usage. Loaded Objects now: 1608.
Total: 1.537900 ms (FindLiveObjects: 0.103600 ms CreateObjectMapping: 0.030200 ms MarkObjects: 1.351600 ms  DeleteObjects: 0.051900 ms)

========================================================================
Received Import Request.
  path: Assets/LowPoly Environment Pack/FBX/Stone_1.fbx
  artifactKey: Guid(8da72e9a2ba2b0d4aa84f50b8f19b35f) Importer(815301076,1909f56bfc062723c751e8b465ee728b)
Start importing Assets/LowPoly Environment Pack/FBX/Stone_1.fbx using Guid(8da72e9a2ba2b0d4aa84f50b8f19b35f) Importer(815301076,1909f56bfc062723c751e8b465ee728b)  -> (artifact id: '6963977980c3493457cbf49b91ebf224') in 0.245635 seconds 
========================================================================
Received Import Request.
  Time since last request: 0.000181 seconds.
  path: Assets/LowPoly Environment Pack/FBX/Plant_6.fbx
  artifactKey: Guid(537ff932739c5174fa989b8403a9db91) Importer(815301076,1909f56bfc062723c751e8b465ee728b)
Start importing Assets/LowPoly Environment Pack/FBX/Plant_6.fbx using Guid(537ff932739c5174fa989b8403a9db91) Importer(815301076,1909f56bfc062723c751e8b465ee728b)  -> (artifact id: '877f95dce66286a047abc6813acfe249') in 0.009449 seconds 
========================================================================
Received Import Request.
  Time since last request: 0.000137 seconds.
  path: Assets/LowPoly Environment Pack/FBX/Mounting_1.fbx
  artifactKey: Guid(7d626b52dc7a9c24e95f55619a456158) Importer(815301076,1909f56bfc062723c751e8b465ee728b)
Start importing Assets/LowPoly Environment Pack/FBX/Mounting_1.fbx using Guid(7d626b52dc7a9c24e95f55619a456158) Importer(815301076,1909f56bfc062723c751e8b465ee728b)  -> (artifact id: 'c34a5bff211d5706b7d745923e21b0bf') in 0.009258 seconds 
========================================================================
Received Import Request.
  Time since last request: 0.000232 seconds.
  path: Assets/LowPoly Environment Pack/FBX/Rock_6.fbx
  artifactKey: Guid(71bb44319f15e0741846c4fad009f013) Importer(815301076,1909f56bfc062723c751e8b465ee728b)
Start importing Assets/LowPoly Environment Pack/FBX/Rock_6.fbx using Guid(71bb44319f15e0741846c4fad009f013) Importer(815301076,1909f56bfc062723c751e8b465ee728b)  -> (artifact id: '811d8486bd34604fe6835b582d6978a9') in 0.009125 seconds 
========================================================================
Received Import Request.
  Time since last request: 0.000162 seconds.
  path: Assets/LowPoly Environment Pack/FBX/Bush_1.fbx
  artifactKey: Guid(1938cd5cf7941f548b756cdb94a425fb) Importer(815301076,1909f56bfc062723c751e8b465ee728b)
Start importing Assets/LowPoly Environment Pack/FBX/Bush_1.fbx using Guid(1938cd5cf7941f548b756cdb94a425fb) Importer(815301076,1909f56bfc062723c751e8b465ee728b)  -> (artifact id: 'f35a434a42b279166d4aedca66c2b393') in 0.009368 seconds 
========================================================================
Received Import Request.
  Time since last request: 0.000197 seconds.
  path: Assets/LowPoly Environment Pack/FBX/Grass_1.fbx
  artifactKey: Guid(34dfeb3f659c70946a7698f1846d752b) Importer(815301076,1909f56bfc062723c751e8b465ee728b)
Start importing Assets/LowPoly Environment Pack/FBX/Grass_1.fbx using Guid(34dfeb3f659c70946a7698f1846d752b) Importer(815301076,1909f56bfc062723c751e8b465ee728b)  -> (artifact id: 'a7299902e83dc61eabc51f2d75e49b18') in 0.008727 seconds 
========================================================================
Received Import Request.
  Time since last request: 0.000156 seconds.
  path: Assets/LowPoly Environment Pack/FBX/Tree_2.fbx
  artifactKey: Guid(24a759921bedc2541881a0535a7bfcc8) Importer(815301076,1909f56bfc062723c751e8b465ee728b)
Start importing Assets/LowPoly Environment Pack/FBX/Tree_2.fbx using Guid(24a759921bedc2541881a0535a7bfcc8) Importer(815301076,1909f56bfc062723c751e8b465ee728b)  -> (artifact id: '7f59e0044783a4a3684afdf6cc2554be') in 0.028007 seconds 
========================================================================
Received Import Request.
  Time since last request: 0.000141 seconds.
  path: Assets/LowPoly Environment Pack/FBX/Tree_3.fbx
  artifactKey: Guid(9fae9f7a7664c4c47a4fd4e9eedf6d6c) Importer(815301076,1909f56bfc062723c751e8b465ee728b)
Start importing Assets/LowPoly Environment Pack/FBX/Tree_3.fbx using Guid(9fae9f7a7664c4c47a4fd4e9eedf6d6c) Importer(815301076,1909f56bfc062723c751e8b465ee728b)  -> (artifact id: '2f738e45886fb0b80ca1d7973a265888') in 0.030873 seconds 
========================================================================
Received Import Request.
  Time since last request: 0.000143 seconds.
  path: Assets/LowPoly Environment Pack/FBX/Plant_4.fbx
  artifactKey: Guid(283c2a73be2ff274abe5a6c1e1ee3a48) Importer(815301076,1909f56bfc062723c751e8b465ee728b)
Start importing Assets/LowPoly Environment Pack/FBX/Plant_4.fbx using Guid(283c2a73be2ff274abe5a6c1e1ee3a48) Importer(815301076,1909f56bfc062723c751e8b465ee728b)  -> (artifact id: 'd3be5abcda56af205a2c68fde233051c') in 0.007280 seconds 
========================================================================
Received Import Request.
  Time since last request: 0.000186 seconds.
  path: Assets/LowPoly Environment Pack/FBX/Log_1.fbx
  artifactKey: Guid(f12a3ed37c1553f46a2806744d6b056e) Importer(815301076,1909f56bfc062723c751e8b465ee728b)
Start importing Assets/LowPoly Environment Pack/FBX/Log_1.fbx using Guid(f12a3ed37c1553f46a2806744d6b056e) Importer(815301076,1909f56bfc062723c751e8b465ee728b)  -> (artifact id: 'a979d240cd3ea75686695727f879501a') in 0.008311 seconds 
========================================================================
Received Import Request.
  Time since last request: 0.000211 seconds.
  path: Assets/LowPoly Environment Pack/FBX/Mounting_3.fbx
  artifactKey: Guid(492031f9cbc117d419c5271ccc50b76a) Importer(815301076,1909f56bfc062723c751e8b465ee728b)
Start importing Assets/LowPoly Environment Pack/FBX/Mounting_3.fbx using Guid(492031f9cbc117d419c5271ccc50b76a) Importer(815301076,1909f56bfc062723c751e8b465ee728b)  -> (artifact id: '96de124c3ff69ac073aa531c7868a507') in 0.009216 seconds 
========================================================================
Received Import Request.
  Time since last request: 0.000237 seconds.
  path: Assets/LowPoly Environment Pack/FBX/Plant_3.fbx
  artifactKey: Guid(90805fe502fa4b94e9cfc4e1c6d566bb) Importer(815301076,1909f56bfc062723c751e8b465ee728b)
Start importing Assets/LowPoly Environment Pack/FBX/Plant_3.fbx using Guid(90805fe502fa4b94e9cfc4e1c6d566bb) Importer(815301076,1909f56bfc062723c751e8b465ee728b)  -> (artifact id: '82976400ca66ab5bd2d49b3d013a721f') in 0.008149 seconds 
========================================================================
Received Import Request.
  Time since last request: 0.000121 seconds.
  path: Assets/LowPoly Environment Pack/FBX/Rock_4.fbx
  artifactKey: Guid(b58e7fdfb89fbc549b36a69243aee4c0) Importer(815301076,1909f56bfc062723c751e8b465ee728b)
Start importing Assets/LowPoly Environment Pack/FBX/Rock_4.fbx using Guid(b58e7fdfb89fbc549b36a69243aee4c0) Importer(815301076,1909f56bfc062723c751e8b465ee728b)  -> (artifact id: '35b0a5fc2f5e1698bd279bd918977c95') in 0.009721 seconds 
========================================================================
Received Import Request.
  Time since last request: 0.000120 seconds.
  path: Assets/LowPoly Environment Pack/FBX/Log_3.fbx
  artifactKey: Guid(afd0b1f883c32e241806a5fdf70cb47a) Importer(815301076,1909f56bfc062723c751e8b465ee728b)
Start importing Assets/LowPoly Environment Pack/FBX/Log_3.fbx using Guid(afd0b1f883c32e241806a5fdf70cb47a) Importer(815301076,1909f56bfc062723c751e8b465ee728b)  -> (artifact id: '89eb339f9df2db62551356e10654b2d2') in 0.008023 seconds 
========================================================================
Received Import Request.
  Time since last request: 0.000168 seconds.
  path: Assets/LowPoly Environment Pack/FBX/Plant_1.fbx
  artifactKey: Guid(3739d3cd85494bb4c887d0401497fe57) Importer(815301076,1909f56bfc062723c751e8b465ee728b)
Start importing Assets/LowPoly Environment Pack/FBX/Plant_1.fbx using Guid(3739d3cd85494bb4c887d0401497fe57) Importer(815301076,1909f56bfc062723c751e8b465ee728b)  -> (artifact id: 'd79ebf36d0991e48ec1dfefadfbfedcf') in 0.007820 seconds 
========================================================================
Received Import Request.
  Time since last request: 0.000158 seconds.
  path: Assets/LowPoly Environment Pack/FBX/Log_2.fbx
  artifactKey: Guid(a834527aa1ce23a40857bdc293825f3a) Importer(815301076,1909f56bfc062723c751e8b465ee728b)
Start importing Assets/LowPoly Environment Pack/FBX/Log_2.fbx using Guid(a834527aa1ce23a40857bdc293825f3a) Importer(815301076,1909f56bfc062723c751e8b465ee728b)  -> (artifact id: '627d7a5701b1aa3228ca53f45228e154') in 0.008797 seconds 
========================================================================
Received Import Request.
  Time since last request: 0.000164 seconds.
  path: Assets/LowPoly Environment Pack/FBX/Rock_1.fbx
  artifactKey: Guid(b2d7d77df4449b24fb2fffe6ca115874) Importer(815301076,1909f56bfc062723c751e8b465ee728b)
Start importing Assets/LowPoly Environment Pack/FBX/Rock_1.fbx using Guid(b2d7d77df4449b24fb2fffe6ca115874) Importer(815301076,1909f56bfc062723c751e8b465ee728b)  -> (artifact id: '5d4035bb1caa3ba07236984d40e086f3') in 0.007478 seconds 
========================================================================
Received Import Request.
  Time since last request: 0.000196 seconds.
  path: Assets/LowPoly Environment Pack/FBX/Plant_5.fbx
  artifactKey: Guid(c9ce8f855ca8c98449df4090174b5cd0) Importer(815301076,1909f56bfc062723c751e8b465ee728b)
Start importing Assets/LowPoly Environment Pack/FBX/Plant_5.fbx using Guid(c9ce8f855ca8c98449df4090174b5cd0) Importer(815301076,1909f56bfc062723c751e8b465ee728b)  -> (artifact id: 'c4583f119802b6169ea95facd657ae8e') in 0.008491 seconds 
========================================================================
Received Import Request.
  Time since last request: 0.000161 seconds.
  path: Assets/LowPoly Environment Pack/FBX/Plant_2.fbx
  artifactKey: Guid(c83f502368bab8140af79867b14e99c9) Importer(815301076,1909f56bfc062723c751e8b465ee728b)
Start importing Assets/LowPoly Environment Pack/FBX/Plant_2.fbx using Guid(c83f502368bab8140af79867b14e99c9) Importer(815301076,1909f56bfc062723c751e8b465ee728b)  -> (artifact id: '9d410dc221545bbd8f3a1f8939fe3fa3') in 0.007938 seconds 
========================================================================
Received Import Request.
  Time since last request: 0.000151 seconds.
  path: Assets/LowPoly Environment Pack/FBX/Tree_1.fbx
  artifactKey: Guid(c52a1ad28de5ec447a225e11be0fe132) Importer(815301076,1909f56bfc062723c751e8b465ee728b)
Start importing Assets/LowPoly Environment Pack/FBX/Tree_1.fbx using Guid(c52a1ad28de5ec447a225e11be0fe132) Importer(815301076,1909f56bfc062723c751e8b465ee728b)  -> (artifact id: 'd2b0d1408f64cd6b7b8d5a21142093a8') in 0.021072 seconds 
========================================================================
Received Import Request.
  Time since last request: 0.000189 seconds.
  path: Assets/LowPoly Environment Pack/FBX/Terrain_2.fbx
  artifactKey: Guid(cc767c10d36eaa748aaa5b008bf78528) Importer(815301076,1909f56bfc062723c751e8b465ee728b)
Start importing Assets/LowPoly Environment Pack/FBX/Terrain_2.fbx using Guid(cc767c10d36eaa748aaa5b008bf78528) Importer(815301076,1909f56bfc062723c751e8b465ee728b)  -> (artifact id: 'fb3df8f79da7dae4f2920aedced62fd9') in 0.008114 seconds 
========================================================================
Received Import Request.
  Time since last request: 0.000155 seconds.
  path: Assets/LowPoly Environment Pack/FBX/Terrain_1.fbx
  artifactKey: Guid(dcf51a1e867a87e4596f1c757cbdb947) Importer(815301076,1909f56bfc062723c751e8b465ee728b)
Start importing Assets/LowPoly Environment Pack/FBX/Terrain_1.fbx using Guid(dcf51a1e867a87e4596f1c757cbdb947) Importer(815301076,1909f56bfc062723c751e8b465ee728b)  -> (artifact id: 'cabec3c67929cd582b65838fd817a774') in 0.013485 seconds 
========================================================================
Received Import Request.
  Time since last request: 0.000154 seconds.
  path: Assets/LowPoly Environment Pack/FBX/Bush_2.fbx
  artifactKey: Guid(87ad1332cfca6934ea307ce26bfc9dec) Importer(815301076,1909f56bfc062723c751e8b465ee728b)
Start importing Assets/LowPoly Environment Pack/FBX/Bush_2.fbx using Guid(87ad1332cfca6934ea307ce26bfc9dec) Importer(815301076,1909f56bfc062723c751e8b465ee728b)  -> (artifact id: '0a3944d22e75dc0fed029b3b0e49f6d2') in 0.008599 seconds 
========================================================================
Received Import Request.
  Time since last request: 0.000227 seconds.
  path: Assets/LowPoly Environment Pack/FBX/Environment_1.fbx
  artifactKey: Guid(a9a560b7bc05a6a46978b53fe4b40f49) Importer(815301076,1909f56bfc062723c751e8b465ee728b)
Start importing Assets/LowPoly Environment Pack/FBX/Environment_1.fbx using Guid(a9a560b7bc05a6a46978b53fe4b40f49) Importer(815301076,1909f56bfc062723c751e8b465ee728b)  -> (artifact id: 'e216bd438616db1c5bb4d31517d98a09') in 0.008986 seconds 
========================================================================
Received Import Request.
  Time since last request: 0.000167 seconds.
  path: Assets/LowPoly Environment Pack/FBX/Mounting_2.fbx
  artifactKey: Guid(bf8d317df722d644f99e8ff3926c99d9) Importer(815301076,1909f56bfc062723c751e8b465ee728b)
Start importing Assets/LowPoly Environment Pack/FBX/Mounting_2.fbx using Guid(bf8d317df722d644f99e8ff3926c99d9) Importer(815301076,1909f56bfc062723c751e8b465ee728b)  -> (artifact id: '0a37e1212a691d419a65cf4dad53c1bb') in 0.008266 seconds 
========================================================================
Received Import Request.
  Time since last request: 0.000182 seconds.
  path: Assets/LowPoly Environment Pack/FBX/Plant_7.fbx
  artifactKey: Guid(1840141b5d3f43e49a5c7980d5c40da4) Importer(815301076,1909f56bfc062723c751e8b465ee728b)
Start importing Assets/LowPoly Environment Pack/FBX/Plant_7.fbx using Guid(1840141b5d3f43e49a5c7980d5c40da4) Importer(815301076,1909f56bfc062723c751e8b465ee728b)  -> (artifact id: '00db5ecc046a527aa23744c6ab2b9314') in 0.007812 seconds 
========================================================================
Received Import Request.
  Time since last request: 0.000204 seconds.
  path: Assets/LowPoly Environment Pack/FBX/Rock_5.fbx
  artifactKey: Guid(18cea87bdb7d0fa46986e492321f3d1e) Importer(815301076,1909f56bfc062723c751e8b465ee728b)
Start importing Assets/LowPoly Environment Pack/FBX/Rock_5.fbx using Guid(18cea87bdb7d0fa46986e492321f3d1e) Importer(815301076,1909f56bfc062723c751e8b465ee728b)  -> (artifact id: '0ea095ac60f7539206003a3f7f08ed13') in 0.007808 seconds 
========================================================================
Received Import Request.
  Time since last request: 0.000203 seconds.
  path: Assets/LowPoly Environment Pack/FBX/Grass_2.fbx
  artifactKey: Guid(a0873148ac8296f43bcd8ca9f39271e3) Importer(815301076,1909f56bfc062723c751e8b465ee728b)
Start importing Assets/LowPoly Environment Pack/FBX/Grass_2.fbx using Guid(a0873148ac8296f43bcd8ca9f39271e3) Importer(815301076,1909f56bfc062723c751e8b465ee728b)  -> (artifact id: '822c79e976f330a6b1e853483f7a396c') in 0.008613 seconds 
========================================================================
Received Import Request.
  Time since last request: 0.000149 seconds.
  path: Assets/LowPoly Environment Pack/FBX/Rock_2.fbx
  artifactKey: Guid(dfed2e9fb3d8ac84da441095f9422543) Importer(815301076,1909f56bfc062723c751e8b465ee728b)
Start importing Assets/LowPoly Environment Pack/FBX/Rock_2.fbx using Guid(dfed2e9fb3d8ac84da441095f9422543) Importer(815301076,1909f56bfc062723c751e8b465ee728b)  -> (artifact id: '7f7fd1ecc13860c7d16a59b1e5b6379d') in 0.008304 seconds 
========================================================================
Received Import Request.
  Time since last request: 0.000175 seconds.
  path: Assets/LowPoly Environment Pack/FBX/Bush_3.fbx
  artifactKey: Guid(1e7949aa66587e540b15b43c6b92a25d) Importer(815301076,1909f56bfc062723c751e8b465ee728b)
Start importing Assets/LowPoly Environment Pack/FBX/Bush_3.fbx using Guid(1e7949aa66587e540b15b43c6b92a25d) Importer(815301076,1909f56bfc062723c751e8b465ee728b)  -> (artifact id: '780e15ce25b98a44cc51a89d0ed8ce17') in 0.008506 seconds 
========================================================================
Received Import Request.
  Time since last request: 0.000189 seconds.
  path: Assets/LowPoly Environment Pack/FBX/Rock_3.fbx
  artifactKey: Guid(f902b41e10cdd2d44aaf1ada606f5d3c) Importer(815301076,1909f56bfc062723c751e8b465ee728b)
Start importing Assets/LowPoly Environment Pack/FBX/Rock_3.fbx using Guid(f902b41e10cdd2d44aaf1ada606f5d3c) Importer(815301076,1909f56bfc062723c751e8b465ee728b)  -> (artifact id: 'ededa8cf8c82e197c040f328db1cb922') in 0.007894 seconds 
========================================================================
Received Import Request.
  Time since last request: 1.288604 seconds.
  path: Assets/LowPoly Environment Pack/Prefabs/Bush_1.prefab
  artifactKey: Guid(d82a0024cf3346b4695544dd461fb02b) Importer(815301076,1909f56bfc062723c751e8b465ee728b)
Start importing Assets/LowPoly Environment Pack/Prefabs/Bush_1.prefab using Guid(d82a0024cf3346b4695544dd461fb02b) Importer(815301076,1909f56bfc062723c751e8b465ee728b)  -> (artifact id: '2b3a8c9ffa6a7fd5f63cb088193ef4de') in 0.009011 seconds 
========================================================================
Received Import Request.
  Time since last request: 0.000164 seconds.
  path: Assets/LowPoly Environment Pack/Prefabs/Tree_2.prefab
  artifactKey: Guid(dc00aab85b301f242896a77c4b442ec0) Importer(815301076,1909f56bfc062723c751e8b465ee728b)
Start importing Assets/LowPoly Environment Pack/Prefabs/Tree_2.prefab using Guid(dc00aab85b301f242896a77c4b442ec0) Importer(815301076,1909f56bfc062723c751e8b465ee728b)  -> (artifact id: '943a16301c2b35afb200a45fb8bd1f0c') in 0.007396 seconds 
========================================================================
Received Import Request.
  Time since last request: 0.000135 seconds.
  path: Assets/LowPoly Environment Pack/Prefabs/Grass_2.prefab
  artifactKey: Guid(c04be9f92ebf58b46b2204ac3aaa8785) Importer(815301076,1909f56bfc062723c751e8b465ee728b)
Start importing Assets/LowPoly Environment Pack/Prefabs/Grass_2.prefab using Guid(c04be9f92ebf58b46b2204ac3aaa8785) Importer(815301076,1909f56bfc062723c751e8b465ee728b)  -> (artifact id: '99be540ae12de1fff7568a7d76190206') in 0.005436 seconds 
========================================================================
Received Import Request.
  Time since last request: 0.000266 seconds.
  path: Assets/LowPoly Environment Pack/Prefabs/Log_1.prefab
  artifactKey: Guid(0761e9c9debdfd34fa20f5859c6f08ff) Importer(815301076,1909f56bfc062723c751e8b465ee728b)
Start importing Assets/LowPoly Environment Pack/Prefabs/Log_1.prefab using Guid(0761e9c9debdfd34fa20f5859c6f08ff) Importer(815301076,1909f56bfc062723c751e8b465ee728b)  -> (artifact id: 'a40a48b862bc9322d3e70a88128f520e') in 0.006056 seconds 
========================================================================
Received Import Request.
  Time since last request: 0.000200 seconds.
  path: Assets/LowPoly Environment Pack/Prefabs/Plant_1.prefab
  artifactKey: Guid(48ad265f338caaf4da3a864816595b22) Importer(815301076,1909f56bfc062723c751e8b465ee728b)
Start importing Assets/LowPoly Environment Pack/Prefabs/Plant_1.prefab using Guid(48ad265f338caaf4da3a864816595b22) Importer(815301076,1909f56bfc062723c751e8b465ee728b)  -> (artifact id: '018bf9b3e267596871d1e8559e63ac16') in 0.008889 seconds 
========================================================================
Received Import Request.
  Time since last request: 0.000181 seconds.
  path: Assets/LowPoly Environment Pack/Prefabs/Rock_1.prefab
  artifactKey: Guid(74442f407a24ac84f95f08a83b1bb617) Importer(815301076,1909f56bfc062723c751e8b465ee728b)
Start importing Assets/LowPoly Environment Pack/Prefabs/Rock_1.prefab using Guid(74442f407a24ac84f95f08a83b1bb617) Importer(815301076,1909f56bfc062723c751e8b465ee728b)  -> (artifact id: '0034304ff32433865794888ac262625a') in 0.009462 seconds 
========================================================================
Received Import Request.
  Time since last request: 0.000204 seconds.
  path: Assets/LowPoly Environment Pack/Prefabs/Mounting_3.prefab
  artifactKey: Guid(37bf6b4eaddee8d448771b63238e03d1) Importer(815301076,1909f56bfc062723c751e8b465ee728b)
Start importing Assets/LowPoly Environment Pack/Prefabs/Mounting_3.prefab using Guid(37bf6b4eaddee8d448771b63238e03d1) Importer(815301076,1909f56bfc062723c751e8b465ee728b)  -> (artifact id: '9bc6ce0419c4e21e7bbbcfc38cff6ef4') in 0.006992 seconds 
========================================================================
Received Import Request.
  Time since last request: 0.000159 seconds.
  path: Assets/LowPoly Environment Pack/Prefabs/Rock_2.prefab
  artifactKey: Guid(4983f395b2610de4e9f688a87bbd9af9) Importer(815301076,1909f56bfc062723c751e8b465ee728b)
Start importing Assets/LowPoly Environment Pack/Prefabs/Rock_2.prefab using Guid(4983f395b2610de4e9f688a87bbd9af9) Importer(815301076,1909f56bfc062723c751e8b465ee728b)  -> (artifact id: 'c37ed201562c886f3d918a5fd43a6541') in 0.005820 seconds 
========================================================================
Received Import Request.
  Time since last request: 0.000138 seconds.
  path: Assets/LowPoly Environment Pack/Prefabs/Rock_5.prefab
  artifactKey: Guid(3a33ce58c20826a4ea7253f84444654b) Importer(815301076,1909f56bfc062723c751e8b465ee728b)
Start importing Assets/LowPoly Environment Pack/Prefabs/Rock_5.prefab using Guid(3a33ce58c20826a4ea7253f84444654b) Importer(815301076,1909f56bfc062723c751e8b465ee728b)  -> (artifact id: 'b118ddbdea0353356aa4bd65d3e55e23') in 0.005936 seconds 
========================================================================
Received Import Request.
  Time since last request: 0.000224 seconds.
  path: Assets/LowPoly Environment Pack/Prefabs/Plant_3.prefab
  artifactKey: Guid(01bdef6597b249b44a9530ab656246fc) Importer(815301076,1909f56bfc062723c751e8b465ee728b)
Start importing Assets/LowPoly Environment Pack/Prefabs/Plant_3.prefab using Guid(01bdef6597b249b44a9530ab656246fc) Importer(815301076,1909f56bfc062723c751e8b465ee728b)  -> (artifact id: '53602ee524f9a9dadeb299d458757dfe') in 0.005940 seconds 
========================================================================
Received Import Request.
  Time since last request: 0.000111 seconds.
  path: Assets/LowPoly Environment Pack/Prefabs/Tree_3.prefab
  artifactKey: Guid(fa6105287f77b1240a0017f7d23434c2) Importer(815301076,1909f56bfc062723c751e8b465ee728b)
Start importing Assets/LowPoly Environment Pack/Prefabs/Tree_3.prefab using Guid(fa6105287f77b1240a0017f7d23434c2) Importer(815301076,1909f56bfc062723c751e8b465ee728b)  -> (artifact id: 'c6d358638f5edc932256aa973752c118') in 0.006677 seconds 
========================================================================
Received Import Request.
  Time since last request: 0.000248 seconds.
  path: Assets/LowPoly Environment Pack/Prefabs/Environment_1.prefab
  artifactKey: Guid(93acc49b5a9f4e84b89aa62e0282a2a3) Importer(815301076,1909f56bfc062723c751e8b465ee728b)
Start importing Assets/LowPoly Environment Pack/Prefabs/Environment_1.prefab using Guid(93acc49b5a9f4e84b89aa62e0282a2a3) Importer(815301076,1909f56bfc062723c751e8b465ee728b)  -> (artifact id: '72068b17105e1e66a5173da85c208334') in 0.006164 seconds 
========================================================================
Received Import Request.
  Time since last request: 0.000146 seconds.
  path: Assets/LowPoly Environment Pack/Prefabs/Mounting_2.prefab
  artifactKey: Guid(8732d563a511d834e823ac895b8a4004) Importer(815301076,1909f56bfc062723c751e8b465ee728b)
Start importing Assets/LowPoly Environment Pack/Prefabs/Mounting_2.prefab using Guid(8732d563a511d834e823ac895b8a4004) Importer(815301076,1909f56bfc062723c751e8b465ee728b)  -> (artifact id: 'c04e522552f891ee8328da78b5155a65') in 0.007256 seconds 
========================================================================
Received Import Request.
  Time since last request: 0.000194 seconds.
  path: Assets/LowPoly Environment Pack/Prefabs/Plant_6.prefab
  artifactKey: Guid(21cba551342e0284a87bcb1672a662d2) Importer(815301076,1909f56bfc062723c751e8b465ee728b)
Start importing Assets/LowPoly Environment Pack/Prefabs/Plant_6.prefab using Guid(21cba551342e0284a87bcb1672a662d2) Importer(815301076,1909f56bfc062723c751e8b465ee728b)  -> (artifact id: '6da0fb6fcee61f33463d20acdf7bcdfd') in 0.005692 seconds 
========================================================================
Received Import Request.
  Time since last request: 0.000164 seconds.
  path: Assets/LowPoly Environment Pack/Prefabs/Rock_4.prefab
  artifactKey: Guid(836ca07fc69b4184ca14265c7d24030d) Importer(815301076,1909f56bfc062723c751e8b465ee728b)
Start importing Assets/LowPoly Environment Pack/Prefabs/Rock_4.prefab using Guid(836ca07fc69b4184ca14265c7d24030d) Importer(815301076,1909f56bfc062723c751e8b465ee728b)  -> (artifact id: '9d18e83d344bb6d1745a261afbede412') in 0.006763 seconds 
========================================================================
Received Import Request.
  Time since last request: 0.000223 seconds.
  path: Assets/LowPoly Environment Pack/Prefabs/Terrain_1.prefab
  artifactKey: Guid(2bd413b982191d54396bb381188bb4d0) Importer(815301076,1909f56bfc062723c751e8b465ee728b)
Start importing Assets/LowPoly Environment Pack/Prefabs/Terrain_1.prefab using Guid(2bd413b982191d54396bb381188bb4d0) Importer(815301076,1909f56bfc062723c751e8b465ee728b)  -> (artifact id: 'e6ae188abb62d18373d201a5446cbb46') in 0.006482 seconds 
========================================================================
Received Import Request.
  Time since last request: 0.000159 seconds.
  path: Assets/LowPoly Environment Pack/Prefabs/Log_2.prefab
  artifactKey: Guid(7c1b7eb3905d5694688d9bb9fe2c0d47) Importer(815301076,1909f56bfc062723c751e8b465ee728b)
Start importing Assets/LowPoly Environment Pack/Prefabs/Log_2.prefab using Guid(7c1b7eb3905d5694688d9bb9fe2c0d47) Importer(815301076,1909f56bfc062723c751e8b465ee728b)  -> (artifact id: '2500fe95effade0984b8d6dad699039b') in 0.005696 seconds 
========================================================================
Received Import Request.
  Time since last request: 0.000133 seconds.
  path: Assets/LowPoly Environment Pack/Prefabs/Plant_4.prefab
  artifactKey: Guid(41e722f5443cbd048b675375e24f1beb) Importer(815301076,1909f56bfc062723c751e8b465ee728b)
Start importing Assets/LowPoly Environment Pack/Prefabs/Plant_4.prefab using Guid(41e722f5443cbd048b675375e24f1beb) Importer(815301076,1909f56bfc062723c751e8b465ee728b)  -> (artifact id: '78d3df819adf6b9f0c43bfc1de0b5688') in 0.005949 seconds 
========================================================================
Received Import Request.
  Time since last request: 0.000186 seconds.
  path: Assets/LowPoly Environment Pack/Prefabs/Mounting_1.prefab
  artifactKey: Guid(e05ee61d6dad0e54eb51d1c8ec3becc6) Importer(815301076,1909f56bfc062723c751e8b465ee728b)
Start importing Assets/LowPoly Environment Pack/Prefabs/Mounting_1.prefab using Guid(e05ee61d6dad0e54eb51d1c8ec3becc6) Importer(815301076,1909f56bfc062723c751e8b465ee728b)  -> (artifact id: '50a4b68cc316eab9c597cf5aa00a2d2f') in 0.005897 seconds 
========================================================================
Received Import Request.
  Time since last request: 0.000152 seconds.
  path: Assets/LowPoly Environment Pack/Prefabs/Bush_2.prefab
  artifactKey: Guid(0de8a3d472546b04aa775e83b052764e) Importer(815301076,1909f56bfc062723c751e8b465ee728b)
Start importing Assets/LowPoly Environment Pack/Prefabs/Bush_2.prefab using Guid(0de8a3d472546b04aa775e83b052764e) Importer(815301076,1909f56bfc062723c751e8b465ee728b)  -> (artifact id: '6fc7e4b2a6dac35370524f3b5efc3fb2') in 0.007695 seconds 
========================================================================
Received Import Request.
  Time since last request: 0.000154 seconds.
  path: Assets/LowPoly Environment Pack/Prefabs/Log_3.prefab
  artifactKey: Guid(d7de6c400fc6dce4e847672adb026364) Importer(815301076,1909f56bfc062723c751e8b465ee728b)
Start importing Assets/LowPoly Environment Pack/Prefabs/Log_3.prefab using Guid(d7de6c400fc6dce4e847672adb026364) Importer(815301076,1909f56bfc062723c751e8b465ee728b)  -> (artifact id: '1d778175fd403df1e7d587ebd5ce0fec') in 0.007901 seconds 
========================================================================
Received Import Request.
  Time since last request: 0.000172 seconds.
  path: Assets/LowPoly Environment Pack/Prefabs/Bush_3.prefab
  artifactKey: Guid(27ce25370e5628e4097b7cb95b3a151d) Importer(815301076,1909f56bfc062723c751e8b465ee728b)
Start importing Assets/LowPoly Environment Pack/Prefabs/Bush_3.prefab using Guid(27ce25370e5628e4097b7cb95b3a151d) Importer(815301076,1909f56bfc062723c751e8b465ee728b)  -> (artifact id: '3d5b2907ef54f1124cd9dd111a3d0bd3') in 0.006403 seconds 
========================================================================
Received Import Request.
  Time since last request: 0.000141 seconds.
  path: Assets/LowPoly Environment Pack/Prefabs/Terrain_2.prefab
  artifactKey: Guid(ef140beec582a5a46a6362fcfc31784d) Importer(815301076,1909f56bfc062723c751e8b465ee728b)
Start importing Assets/LowPoly Environment Pack/Prefabs/Terrain_2.prefab using Guid(ef140beec582a5a46a6362fcfc31784d) Importer(815301076,1909f56bfc062723c751e8b465ee728b)  -> (artifact id: 'd5df5ddf689020efcf763bc7f4f5f748') in 0.006439 seconds 
========================================================================
Received Import Request.
  Time since last request: 0.000220 seconds.
  path: Assets/LowPoly Environment Pack/Prefabs/Plant_5.prefab
  artifactKey: Guid(fd4804b84d34a784ea6831ede116af4c) Importer(815301076,1909f56bfc062723c751e8b465ee728b)
Start importing Assets/LowPoly Environment Pack/Prefabs/Plant_5.prefab using Guid(fd4804b84d34a784ea6831ede116af4c) Importer(815301076,1909f56bfc062723c751e8b465ee728b)  -> (artifact id: '4298b5557322515789f5ae72d8b436f6') in 0.010419 seconds 
========================================================================
Received Import Request.
  Time since last request: 0.000113 seconds.
  path: Assets/LowPoly Environment Pack/Prefabs/Rock_6.prefab
  artifactKey: Guid(c53e680fdc8fae04d91b4ce9e548d2df) Importer(815301076,1909f56bfc062723c751e8b465ee728b)
Start importing Assets/LowPoly Environment Pack/Prefabs/Rock_6.prefab using Guid(c53e680fdc8fae04d91b4ce9e548d2df) Importer(815301076,1909f56bfc062723c751e8b465ee728b)  -> (artifact id: 'aaab257f77333a9e51c22041cce2d677') in 0.006291 seconds 
========================================================================
Received Import Request.
  Time since last request: 0.000147 seconds.
  path: Assets/LowPoly Environment Pack/Prefabs/Plant_7.prefab
  artifactKey: Guid(1a6a34cedc83b654099dbb403ec40524) Importer(815301076,1909f56bfc062723c751e8b465ee728b)
Start importing Assets/LowPoly Environment Pack/Prefabs/Plant_7.prefab using Guid(1a6a34cedc83b654099dbb403ec40524) Importer(815301076,1909f56bfc062723c751e8b465ee728b)  -> (artifact id: '030cd13867f8216a89ee1bd16bbb5312') in 0.005681 seconds 
========================================================================
Received Import Request.
  Time since last request: 0.000245 seconds.
  path: Assets/LowPoly Environment Pack/Prefabs/Plant_2.prefab
  artifactKey: Guid(4dcb45769932d8b449fc6523626179be) Importer(815301076,1909f56bfc062723c751e8b465ee728b)
Start importing Assets/LowPoly Environment Pack/Prefabs/Plant_2.prefab using Guid(4dcb45769932d8b449fc6523626179be) Importer(815301076,1909f56bfc062723c751e8b465ee728b)  -> (artifact id: '81160a817ea729725f7129e8e9c0a513') in 0.006621 seconds 
========================================================================
Received Import Request.
  Time since last request: 0.000115 seconds.
  path: Assets/LowPoly Environment Pack/Prefabs/Stone_1.prefab
  artifactKey: Guid(0f9577b4dda6cc546abea4737be5a392) Importer(815301076,1909f56bfc062723c751e8b465ee728b)
Start importing Assets/LowPoly Environment Pack/Prefabs/Stone_1.prefab using Guid(0f9577b4dda6cc546abea4737be5a392) Importer(815301076,1909f56bfc062723c751e8b465ee728b)  -> (artifact id: '258087f191f28af92e025aa060aa0803') in 0.005582 seconds 
========================================================================
Received Import Request.
  Time since last request: 0.000153 seconds.
  path: Assets/LowPoly Environment Pack/Prefabs/Grass_1.prefab
  artifactKey: Guid(b2199aadf1bb8c4449f3edfc84a39f78) Importer(815301076,1909f56bfc062723c751e8b465ee728b)
Start importing Assets/LowPoly Environment Pack/Prefabs/Grass_1.prefab using Guid(b2199aadf1bb8c4449f3edfc84a39f78) Importer(815301076,1909f56bfc062723c751e8b465ee728b)  -> (artifact id: '75b00c1659f8b1b562001cac1ceeeaf8') in 0.005605 seconds 
========================================================================
Received Import Request.
  Time since last request: 0.000179 seconds.
  path: Assets/LowPoly Environment Pack/Prefabs/Rock_3.prefab
  artifactKey: Guid(da41fd2967a439d409358c2214a5409e) Importer(815301076,1909f56bfc062723c751e8b465ee728b)
Start importing Assets/LowPoly Environment Pack/Prefabs/Rock_3.prefab using Guid(da41fd2967a439d409358c2214a5409e) Importer(815301076,1909f56bfc062723c751e8b465ee728b)  -> (artifact id: '5eb1299c2b1525959d8eac8e2ae17514') in 0.009305 seconds 
========================================================================
Received Import Request.
  Time since last request: 0.000227 seconds.
  path: Assets/LowPoly Environment Pack/Prefabs/Tree_1.prefab
  artifactKey: Guid(c7821bc923171f24094e69062402d005) Importer(815301076,1909f56bfc062723c751e8b465ee728b)
Start importing Assets/LowPoly Environment Pack/Prefabs/Tree_1.prefab using Guid(c7821bc923171f24094e69062402d005) Importer(815301076,1909f56bfc062723c751e8b465ee728b)  -> (artifact id: 'a09d4e115eeb574d53281c3c159807c6') in 0.013310 seconds 
========================================================================
Received Import Request.
  Time since last request: 5.004797 seconds.
  path: Assets/Materials/New Material 1.mat
  artifactKey: Guid(e9257881d3562584899fba1ceadd299d) Importer(815301076,1909f56bfc062723c751e8b465ee728b)
Start importing Assets/Materials/New Material 1.mat using Guid(e9257881d3562584899fba1ceadd299d) Importer(815301076,1909f56bfc062723c751e8b465ee728b)  -> (artifact id: '605a7e3fd40c415970856b6e2c22634d') in 0.229698 seconds 
========================================================================
Received Import Request.
  Time since last request: 0.000122 seconds.
  path: Assets/Materials/New Material.mat
  artifactKey: Guid(4de5d497fa840a04c9a82250e9f6c398) Importer(815301076,1909f56bfc062723c751e8b465ee728b)
Start importing Assets/Materials/New Material.mat using Guid(4de5d497fa840a04c9a82250e9f6c398) Importer(815301076,1909f56bfc062723c751e8b465ee728b)  -> (artifact id: 'a5feb7cb339fcb90bff2a421225da542') in 0.005271 seconds 
========================================================================
Received Import Request.
  Time since last request: 6.299773 seconds.
  path: Assets/Resources/Mouse Sprites/Targeter.png
  artifactKey: Guid(c898e4af253d7ce41863cc961534dee3) Importer(815301076,1909f56bfc062723c751e8b465ee728b)
Start importing Assets/Resources/Mouse Sprites/Targeter.png using Guid(c898e4af253d7ce41863cc961534dee3) Importer(815301076,1909f56bfc062723c751e8b465ee728b)  -> (artifact id: 'f81db00b5b06775589ded0415285c02e') in 0.024227 seconds 
========================================================================
Received Import Request.
  Time since last request: 0.000221 seconds.
  path: Assets/Resources/Mouse Sprites/Targeter5.png
  artifactKey: Guid(59bb6bd3b422d134385c677709dbdbc1) Importer(815301076,1909f56bfc062723c751e8b465ee728b)
Start importing Assets/Resources/Mouse Sprites/Targeter5.png using Guid(59bb6bd3b422d134385c677709dbdbc1) Importer(815301076,1909f56bfc062723c751e8b465ee728b)  -> (artifact id: '70b2329cc59c596e921b382afbf03f7c') in 0.004692 seconds 
========================================================================
Received Import Request.
  Time since last request: 0.000184 seconds.
  path: Assets/Resources/Mouse Sprites/Targeter4.png
  artifactKey: Guid(07962350e24ee944d9fd780bad1e23b7) Importer(815301076,1909f56bfc062723c751e8b465ee728b)
Start importing Assets/Resources/Mouse Sprites/Targeter4.png using Guid(07962350e24ee944d9fd780bad1e23b7) Importer(815301076,1909f56bfc062723c751e8b465ee728b)  -> (artifact id: 'b0db7d42546917abc0b07dfd999cb15e') in 0.005866 seconds 
========================================================================
Received Import Request.
  Time since last request: 0.000249 seconds.
  path: Assets/Resources/Mouse Sprites/Targeter3.png
  artifactKey: Guid(a1d2ddf4dfb3cd74fa5ebc81c5458d06) Importer(815301076,1909f56bfc062723c751e8b465ee728b)
Start importing Assets/Resources/Mouse Sprites/Targeter3.png using Guid(a1d2ddf4dfb3cd74fa5ebc81c5458d06) Importer(815301076,1909f56bfc062723c751e8b465ee728b)  -> (artifact id: 'f160889bce8176f31ee4ef98560df65f') in 0.006617 seconds 
========================================================================
Received Import Request.
  Time since last request: 0.000169 seconds.
  path: Assets/Resources/Mouse Sprites/Targeter2.png
  artifactKey: Guid(57e34fa13671e3f4c9f4674e6986a406) Importer(815301076,1909f56bfc062723c751e8b465ee728b)
Start importing Assets/Resources/Mouse Sprites/Targeter2.png using Guid(57e34fa13671e3f4c9f4674e6986a406) Importer(815301076,1909f56bfc062723c751e8b465ee728b)  -> (artifact id: '943f1dcf8a8b695c8c66dab0f811ecc8') in 0.007066 seconds 
========================================================================
Received Import Request.
  Time since last request: 308.599341 seconds.
  path: Assets/Scripts/Zombies/ZombieSpawner.cs
  artifactKey: Guid(2dac2f5d88757db4fa073d21182253b9) Importer(815301076,1909f56bfc062723c751e8b465ee728b)
Start importing Assets/Scripts/Zombies/ZombieSpawner.cs using Guid(2dac2f5d88757db4fa073d21182253b9) Importer(815301076,1909f56bfc062723c751e8b465ee728b)  -> (artifact id: '9d3b63dfe4f23c721840b0cc14f2ff7a') in 0.011614 seconds 
========================================================================
Received Import Request.
  Time since last request: 1.707839 seconds.
  path: Assets/Scripts/Zombies/ZombieMovement.cs
  artifactKey: Guid(ce6a317f047d38e45b2767d8c9a4e835) Importer(815301076,1909f56bfc062723c751e8b465ee728b)
Start importing Assets/Scripts/Zombies/ZombieMovement.cs using Guid(ce6a317f047d38e45b2767d8c9a4e835) Importer(815301076,1909f56bfc062723c751e8b465ee728b)  -> (artifact id: '4d88d82281c7331fcc2aabccb964b769') in 0.001202 seconds 
========================================================================
Received Import Request.
  Time since last request: 2.804457 seconds.
  path: Assets/Scripts/Zombies/ZombieDestroy.cs
  artifactKey: Guid(65f7e81cd324f7a4eb522edcf7a4439b) Importer(815301076,1909f56bfc062723c751e8b465ee728b)
Start importing Assets/Scripts/Zombies/ZombieDestroy.cs using Guid(65f7e81cd324f7a4eb522edcf7a4439b) Importer(815301076,1909f56bfc062723c751e8b465ee728b)  -> (artifact id: '20d1cc95094a93b246507aafd740a208') in 0.001258 seconds 
========================================================================
Received Prepare
Registering precompiled user dll's ...
Registered in 0.000539 seconds.
Begin MonoManager ReloadAssembly
Native extension for WindowsStandalone target not found
Refreshing native plugins compatible for Editor in 0.20 ms, found 0 plugins.
Preloading 0 native plugins for Editor in 0.00 ms.
Mono: successfully reloaded assembly
- Completed reload, in  0.672 seconds
Platform modules already initialized, skipping
Refreshing native plugins compatible for Editor in 0.19 ms, found 0 plugins.
Preloading 0 native plugins for Editor in 0.00 ms.
Unloading 1130 Unused Serialized files (Serialized files now loaded: 0)
System memory in use before: 71.2 MB.
System memory in use after: 71.3 MB.

Unloading 5 unused Assets to reduce memory usage. Loaded Objects now: 1729.
Total: 1.476000 ms (FindLiveObjects: 0.107200 ms CreateObjectMapping: 0.033400 ms MarkObjects: 1.298700 ms  DeleteObjects: 0.036200 ms)

========================================================================
Received Import Request.
  Time since last request: 57.922725 seconds.
  path: Assets/Scripts/ZombiesV2
  artifactKey: Guid(2ca8dd81c55427d4b9de1c1310c53d88) Importer(815301076,1909f56bfc062723c751e8b465ee728b)
Start importing Assets/Scripts/ZombiesV2 using Guid(2ca8dd81c55427d4b9de1c1310c53d88) Importer(815301076,1909f56bfc062723c751e8b465ee728b)  -> (artifact id: '8e8dfdfeca152c81ca90c695914312f5') in 0.002769 seconds 
========================================================================
Received Prepare
Registering precompiled user dll's ...
Registered in 0.000955 seconds.
Begin MonoManager ReloadAssembly
Native extension for WindowsStandalone target not found
Refreshing native plugins compatible for Editor in 0.20 ms, found 0 plugins.
Preloading 0 native plugins for Editor in 0.00 ms.
Mono: successfully reloaded assembly
- Completed reload, in  0.668 seconds
Platform modules already initialized, skipping
Refreshing native plugins compatible for Editor in 0.20 ms, found 0 plugins.
Preloading 0 native plugins for Editor in 0.00 ms.
Unloading 1132 Unused Serialized files (Serialized files now loaded: 0)
System memory in use before: 72.7 MB.
System memory in use after: 72.0 MB.

Unloading 6 unused Assets to reduce memory usage. Loaded Objects now: 1736.
Total: 1.843100 ms (FindLiveObjects: 0.095400 ms CreateObjectMapping: 0.027100 ms MarkObjects: 1.452200 ms  DeleteObjects: 0.267800 ms)

========================================================================
Received Import Request.
  Time since last request: 261.155580 seconds.
  path: Assets/Supercyan Character Pack Zombie Sample/Prefabs/Base/High Quality/FreeZombie.prefab
  artifactKey: Guid(0c74bed2ad49fad4d94fca86441ad49f) Importer(815301076,1909f56bfc062723c751e8b465ee728b)
Start importing Assets/Supercyan Character Pack Zombie Sample/Prefabs/Base/High Quality/FreeZombie.prefab using Guid(0c74bed2ad49fad4d94fca86441ad49f) Importer(815301076,1909f56bfc062723c751e8b465ee728b)  -> (artifact id: '08281648266fb6022b45bed637de852d') in 0.189791 seconds 
========================================================================
Received Import Request.
  Time since last request: 1.803316 seconds.
  path: Assets/Supercyan Character Pack Zombie Sample/Prefabs/SimpleMovement/High Quality/FreeZombieSimpleMovement.prefab
  artifactKey: Guid(a8145fd98e506094980d05080bde9072) Importer(815301076,1909f56bfc062723c751e8b465ee728b)
Start importing Assets/Supercyan Character Pack Zombie Sample/Prefabs/SimpleMovement/High Quality/FreeZombieSimpleMovement.prefab using Guid(a8145fd98e506094980d05080bde9072) Importer(815301076,1909f56bfc062723c751e8b465ee728b)  -> (artifact id: '03e4bf72c4465874b8bab59fc6699803') in 0.032102 seconds 
========================================================================
Received Prepare
Registering precompiled user dll's ...
Registered in 0.000656 seconds.
Begin MonoManager ReloadAssembly
Native extension for WindowsStandalone target not found
Refreshing native plugins compatible for Editor in 0.19 ms, found 0 plugins.
Preloading 0 native plugins for Editor in 0.00 ms.
Mono: successfully reloaded assembly
- Completed reload, in  0.688 seconds
Platform modules already initialized, skipping
Refreshing native plugins compatible for Editor in 0.20 ms, found 0 plugins.
Preloading 0 native plugins for Editor in 0.00 ms.
Unloading 1131 Unused Serialized files (Serialized files now loaded: 0)
System memory in use before: 86.4 MB.
System memory in use after: 86.1 MB.

Unloading 5 unused Assets to reduce memory usage. Loaded Objects now: 1742.
Total: 1.752200 ms (FindLiveObjects: 0.114000 ms CreateObjectMapping: 0.028100 ms MarkObjects: 1.469400 ms  DeleteObjects: 0.139900 ms)

AssetImportWorkerClient::OnTransportError - code=2 error=End of file
