Using pre-set license
Built from '2021.1/staging' branch; Version is '2021.1.6f1 (c0fade0cc7e9) revision 12647134'; Using compiler version '192528614'; Build Type 'Release'
OS: 'Windows 10 Home; OS build 18363.1316; Version 1909; 64bit' Language: 'en' Physical Memory: 16251 MB
BatchMode: 1, IsHumanControllingUs: 0, StartBugReporterOnCrash: 0, Is64bit: 1, IsPro: 0

 COMMAND LINE ARGUMENTS:
C:\Program Files\Unity\Hub\Editor\2021.1.6f1\Editor\Unity.exe
-adb2
-batchMode
-noUpm
-name
AssetImportWorker0
-projectPath
C:/Users/Thushar/Documents/MyStuff/GithubPortfolio/ZombieTower360/ZombieTower360
-logFile
Logs/AssetImportWorker0.log
-srvPort
57074
Successfully changed project path to: C:/Users/Thushar/Documents/MyStuff/GithubPortfolio/ZombieTower360/ZombieTower360
C:/Users/Thushar/Documents/MyStuff/GithubPortfolio/ZombieTower360/ZombieTower360
Using Asset Import Pipeline V2.
Refreshing native plugins compatible for Editor in 21.15 ms, found 0 plugins.
Preloading 0 native plugins for Editor in 0.00 ms.
Initialize engine version: 2021.1.6f1 (c0fade0cc7e9)
[Subsystems] Discovering subsystems at path C:/Program Files/Unity/Hub/Editor/2021.1.6f1/Editor/Data/Resources/UnitySubsystems
[Subsystems] Discovering subsystems at path C:/Users/Thushar/Documents/MyStuff/GithubPortfolio/ZombieTower360/ZombieTower360/Assets
GfxDevice: creating device client; threaded=0; jobified=0
Direct3D:
    Version:  Direct3D 11.0 [level 11.1]
    Renderer: NVIDIA GeForce GTX 1060 3GB (ID=0x1c02)
    Vendor:   NVIDIA
    VRAM:     2988 MB
    Driver:   26.21.14.3107
Initialize mono
Mono path[0] = 'C:/Program Files/Unity/Hub/Editor/2021.1.6f1/Editor/Data/Managed'
Mono path[1] = 'C:/Program Files/Unity/Hub/Editor/2021.1.6f1/Editor/Data/MonoBleedingEdge/lib/mono/unityjit'
Mono config path = 'C:/Program Files/Unity/Hub/Editor/2021.1.6f1/Editor/Data/MonoBleedingEdge/etc'
Using monoOptions --debugger-agent=transport=dt_socket,embedding=1,server=y,suspend=n,address=127.0.0.1:56384
Begin MonoManager ReloadAssembly
Registering precompiled unity dll's ...
Register platform support module: C:/Program Files/Unity/Hub/Editor/2021.1.6f1/Editor/Data/PlaybackEngines/WindowsStandaloneSupport/UnityEditor.WindowsStandalone.Extensions.dll
Registered in 0.001524 seconds.
Native extension for WindowsStandalone target not found
Refreshing native plugins compatible for Editor in 21.13 ms, found 0 plugins.
Preloading 0 native plugins for Editor in 0.00 ms.
Mono: successfully reloaded assembly
- Completed reload, in  1.039 seconds
Platform modules already initialized, skipping
Registering precompiled user dll's ...
Registered in 0.000526 seconds.
Begin MonoManager ReloadAssembly
Native extension for WindowsStandalone target not found
Refreshing native plugins compatible for Editor in 0.19 ms, found 0 plugins.
Preloading 0 native plugins for Editor in 0.00 ms.
Mono: successfully reloaded assembly
- Completed reload, in  0.755 seconds
Platform modules already initialized, skipping
========================================================================
Worker process is ready to serve import requests
Launched and connected shader compiler UnityShaderCompiler.exe after 0.06 seconds
Refreshing native plugins compatible for Editor in 0.20 ms, found 0 plugins.
Preloading 0 native plugins for Editor in 0.00 ms.
Unloading 1153 Unused Serialized files (Serialized files now loaded: 0)
System memory in use before: 64.5 MB.
System memory in use after: 64.6 MB.

Unloading 9 unused Assets to reduce memory usage. Loaded Objects now: 1616.
Total: 1.529500 ms (FindLiveObjects: 0.103200 ms CreateObjectMapping: 0.030900 ms MarkObjects: 1.343600 ms  DeleteObjects: 0.051300 ms)

========================================================================
Received Import Request.
  path: Assets/Prefabs/ZombieLVL0.prefab
  artifactKey: Guid(9bd9cafbbf2b29a4ba163234477d67c9) Importer(815301076,1909f56bfc062723c751e8b465ee728b)
Start importing Assets/Prefabs/ZombieLVL0.prefab using Guid(9bd9cafbbf2b29a4ba163234477d67c9) Importer(815301076,1909f56bfc062723c751e8b465ee728b)  -> (artifact id: '379a96f9278d55bd58f81be374b1322a') in 0.148734 seconds 
========================================================================
Received Prepare
Registering precompiled user dll's ...
Registered in 0.000605 seconds.
Begin MonoManager ReloadAssembly
Native extension for WindowsStandalone target not found
Refreshing native plugins compatible for Editor in 0.20 ms, found 0 plugins.
Preloading 0 native plugins for Editor in 0.00 ms.
Mono: successfully reloaded assembly
- Completed reload, in  0.685 seconds
Platform modules already initialized, skipping
Refreshing native plugins compatible for Editor in 0.19 ms, found 0 plugins.
Preloading 0 native plugins for Editor in 0.00 ms.
Unloading 1131 Unused Serialized files (Serialized files now loaded: 0)
System memory in use before: 80.4 MB.
System memory in use after: 80.5 MB.

Unloading 4 unused Assets to reduce memory usage. Loaded Objects now: 1629.
Total: 1.468400 ms (FindLiveObjects: 0.088600 ms CreateObjectMapping: 0.025600 ms MarkObjects: 1.343100 ms  DeleteObjects: 0.010400 ms)

========================================================================
Received Prepare
Registering precompiled user dll's ...
Registered in 0.000545 seconds.
Begin MonoManager ReloadAssembly
Native extension for WindowsStandalone target not found
Refreshing native plugins compatible for Editor in 0.20 ms, found 0 plugins.
Preloading 0 native plugins for Editor in 0.00 ms.
Mono: successfully reloaded assembly
- Completed reload, in  0.672 seconds
Platform modules already initialized, skipping
Refreshing native plugins compatible for Editor in 0.19 ms, found 0 plugins.
Preloading 0 native plugins for Editor in 0.00 ms.
Unloading 1131 Unused Serialized files (Serialized files now loaded: 0)
System memory in use before: 80.4 MB.
System memory in use after: 80.5 MB.

Unloading 4 unused Assets to reduce memory usage. Loaded Objects now: 1632.
Total: 1.649600 ms (FindLiveObjects: 0.087300 ms CreateObjectMapping: 0.025700 ms MarkObjects: 1.525800 ms  DeleteObjects: 0.010200 ms)

========================================================================
Received Import Request.
  Time since last request: 629.245855 seconds.
  path: Assets/LowPoly Environment Pack/Prefabs/Bush_1.prefab
  artifactKey: Guid(d82a0024cf3346b4695544dd461fb02b) Importer(815301076,1909f56bfc062723c751e8b465ee728b)
Start importing Assets/LowPoly Environment Pack/Prefabs/Bush_1.prefab using Guid(d82a0024cf3346b4695544dd461fb02b) Importer(815301076,1909f56bfc062723c751e8b465ee728b)  -> (artifact id: '2496f6d832bdabe3831f33b8ab62612d') in 0.048420 seconds 
========================================================================
Received Import Request.
  Time since last request: 0.063193 seconds.
  path: Assets/LowPoly Environment Pack/Prefabs/Bush_1.prefab
  artifactKey: Guid(d82a0024cf3346b4695544dd461fb02b) Importer(815301076,1909f56bfc062723c751e8b465ee728b)
Start importing Assets/LowPoly Environment Pack/Prefabs/Bush_1.prefab using Guid(d82a0024cf3346b4695544dd461fb02b) Importer(815301076,1909f56bfc062723c751e8b465ee728b)  -> (artifact id: '3814db640ff5be92ba5450591a6e7f9a') in 0.008861 seconds 
========================================================================
Received Import Request.
  Time since last request: 194.728212 seconds.
  path: Assets/LowPoly Environment Pack/Prefabs/Bush_1.prefab
  artifactKey: Guid(d82a0024cf3346b4695544dd461fb02b) Importer(815301076,1909f56bfc062723c751e8b465ee728b)
Start importing Assets/LowPoly Environment Pack/Prefabs/Bush_1.prefab using Guid(d82a0024cf3346b4695544dd461fb02b) Importer(815301076,1909f56bfc062723c751e8b465ee728b)  -> (artifact id: '20246335bdbf0af6b1d29420a9eec875') in 0.011980 seconds 
========================================================================
Received Prepare
Registering precompiled user dll's ...
Registered in 0.000699 seconds.
Begin MonoManager ReloadAssembly
Native extension for WindowsStandalone target not found
Refreshing native plugins compatible for Editor in 0.22 ms, found 0 plugins.
Preloading 0 native plugins for Editor in 0.00 ms.
Mono: successfully reloaded assembly
- Completed reload, in  0.753 seconds
Platform modules already initialized, skipping
Refreshing native plugins compatible for Editor in 0.21 ms, found 0 plugins.
Preloading 0 native plugins for Editor in 0.00 ms.
Unloading 1131 Unused Serialized files (Serialized files now loaded: 0)
System memory in use before: 80.4 MB.
System memory in use after: 80.5 MB.

Unloading 4 unused Assets to reduce memory usage. Loaded Objects now: 1636.
Total: 1.716000 ms (FindLiveObjects: 0.105200 ms CreateObjectMapping: 0.027300 ms MarkObjects: 1.571000 ms  DeleteObjects: 0.012000 ms)

========================================================================
Received Prepare
Registering precompiled user dll's ...
Registered in 0.000511 seconds.
Begin MonoManager ReloadAssembly
Native extension for WindowsStandalone target not found
Refreshing native plugins compatible for Editor in 0.20 ms, found 0 plugins.
Preloading 0 native plugins for Editor in 0.00 ms.
Mono: successfully reloaded assembly
- Completed reload, in  0.670 seconds
Platform modules already initialized, skipping
Refreshing native plugins compatible for Editor in 0.19 ms, found 0 plugins.
Preloading 0 native plugins for Editor in 0.00 ms.
Unloading 1131 Unused Serialized files (Serialized files now loaded: 0)
System memory in use before: 80.4 MB.
System memory in use after: 80.5 MB.

Unloading 4 unused Assets to reduce memory usage. Loaded Objects now: 1639.
Total: 1.597900 ms (FindLiveObjects: 0.106000 ms CreateObjectMapping: 0.026600 ms MarkObjects: 1.452400 ms  DeleteObjects: 0.012200 ms)

========================================================================
Received Prepare
Registering precompiled user dll's ...
Registered in 0.000871 seconds.
Begin MonoManager ReloadAssembly
Native extension for WindowsStandalone target not found
Refreshing native plugins compatible for Editor in 0.19 ms, found 0 plugins.
Preloading 0 native plugins for Editor in 0.00 ms.
Mono: successfully reloaded assembly
- Completed reload, in  0.664 seconds
Platform modules already initialized, skipping
Refreshing native plugins compatible for Editor in 0.19 ms, found 0 plugins.
Preloading 0 native plugins for Editor in 0.00 ms.
Unloading 1131 Unused Serialized files (Serialized files now loaded: 0)
System memory in use before: 80.5 MB.
System memory in use after: 80.6 MB.

Unloading 4 unused Assets to reduce memory usage. Loaded Objects now: 1642.
Total: 1.577600 ms (FindLiveObjects: 0.093000 ms CreateObjectMapping: 0.026100 ms MarkObjects: 1.446200 ms  DeleteObjects: 0.011600 ms)

========================================================================
Received Prepare
Registering precompiled user dll's ...
Registered in 0.000490 seconds.
Begin MonoManager ReloadAssembly
Native extension for WindowsStandalone target not found
Refreshing native plugins compatible for Editor in 0.20 ms, found 0 plugins.
Preloading 0 native plugins for Editor in 0.00 ms.
Mono: successfully reloaded assembly
- Completed reload, in  0.676 seconds
Platform modules already initialized, skipping
Refreshing native plugins compatible for Editor in 0.19 ms, found 0 plugins.
Preloading 0 native plugins for Editor in 0.00 ms.
Unloading 1131 Unused Serialized files (Serialized files now loaded: 0)
System memory in use before: 80.5 MB.
System memory in use after: 80.6 MB.

Unloading 4 unused Assets to reduce memory usage. Loaded Objects now: 1645.
Total: 1.633400 ms (FindLiveObjects: 0.106600 ms CreateObjectMapping: 0.026300 ms MarkObjects: 1.488600 ms  DeleteObjects: 0.011200 ms)

========================================================================
Received Prepare
Registering precompiled user dll's ...
Registered in 0.000480 seconds.
Begin MonoManager ReloadAssembly
Native extension for WindowsStandalone target not found
Refreshing native plugins compatible for Editor in 0.19 ms, found 0 plugins.
Preloading 0 native plugins for Editor in 0.00 ms.
Mono: successfully reloaded assembly
- Completed reload, in  0.654 seconds
Platform modules already initialized, skipping
Refreshing native plugins compatible for Editor in 0.19 ms, found 0 plugins.
Preloading 0 native plugins for Editor in 0.00 ms.
Unloading 1131 Unused Serialized files (Serialized files now loaded: 0)
System memory in use before: 80.5 MB.
System memory in use after: 80.6 MB.

Unloading 4 unused Assets to reduce memory usage. Loaded Objects now: 1648.
Total: 1.435800 ms (FindLiveObjects: 0.090100 ms CreateObjectMapping: 0.026600 ms MarkObjects: 1.308200 ms  DeleteObjects: 0.010400 ms)

========================================================================
Received Prepare
Registering precompiled user dll's ...
Registered in 0.000744 seconds.
Begin MonoManager ReloadAssembly
Native extension for WindowsStandalone target not found
Refreshing native plugins compatible for Editor in 0.21 ms, found 0 plugins.
Preloading 0 native plugins for Editor in 0.00 ms.
Mono: successfully reloaded assembly
- Completed reload, in  0.750 seconds
Platform modules already initialized, skipping
Refreshing native plugins compatible for Editor in 0.19 ms, found 0 plugins.
Preloading 0 native plugins for Editor in 0.00 ms.
Unloading 1131 Unused Serialized files (Serialized files now loaded: 0)
System memory in use before: 80.5 MB.
System memory in use after: 80.6 MB.

Unloading 4 unused Assets to reduce memory usage. Loaded Objects now: 1651.
Total: 2.212300 ms (FindLiveObjects: 0.174900 ms CreateObjectMapping: 0.063900 ms MarkObjects: 1.926600 ms  DeleteObjects: 0.045500 ms)

========================================================================
Received Prepare
Registering precompiled user dll's ...
Registered in 0.000642 seconds.
Begin MonoManager ReloadAssembly
Native extension for WindowsStandalone target not found
Refreshing native plugins compatible for Editor in 0.21 ms, found 0 plugins.
Preloading 0 native plugins for Editor in 0.00 ms.
Mono: successfully reloaded assembly
- Completed reload, in  0.802 seconds
Platform modules already initialized, skipping
Refreshing native plugins compatible for Editor in 0.19 ms, found 0 plugins.
Preloading 0 native plugins for Editor in 0.00 ms.
Unloading 1131 Unused Serialized files (Serialized files now loaded: 0)
System memory in use before: 80.5 MB.
System memory in use after: 80.6 MB.

Unloading 4 unused Assets to reduce memory usage. Loaded Objects now: 1654.
Total: 1.502100 ms (FindLiveObjects: 0.095300 ms CreateObjectMapping: 0.029100 ms MarkObjects: 1.352700 ms  DeleteObjects: 0.024400 ms)

AssetImportWorkerClient::OnTransportError - code=2 error=End of file
